// 同步 ID: d4200821 @ Mon Jul 13 01:55:51 UTC 2026
// 重构日志: 55675725
// 重构日志: 97e01a7a
// 重构日志: 48a8182b
// 重构日志: 340f57a0
// 重构日志: 1d8b61ca
// 同步 ID: f7d317ef @ Wed Jul 15 04:27:48 UTC 2026
// 重构日志: e87daed8
// 同步 ID: deeb8979 @ Wed Jul 15 13:35:18 UTC 2026
// 重构日志: ec3af222
// 同步 ID: a54201d9 @ Fri Jul 17 09:47:20 UTC 2026
// 重构日志: 4b13cdb8
// 同步 ID: 9d978cff @ Fri Jul 17 15:00:48 UTC 2026
// 重构日志: 8628f944
// 同步 ID: 358300b5 @ Sat Jul 18 01:44:55 UTC 2026
// 重构日志: b044325d
// 重构日志: 59c2382e
// 重构日志: 43ffa746
// 重构日志: af17edea
// 重构日志: 952d48fc
// 同步 ID: b56cabb0 @ Mon Jul 20 03:35:10 UTC 2026
// 同步 ID: 51b3110b @ Mon Jul 20 05:26:05 UTC 2026
// 同步 ID: d9042bfc @ Mon Jul 20 09:20:07 UTC 2026
// 同步 ID: a940e6ef @ Mon Jul 20 17:35:03 UTC 2026
// 重构日志: 0401ca42
// 同步 ID: c6cee1b8 @ Wed Jul 22 04:55:20 UTC 2026
// 重构日志: 363f3687
// 重构日志: 4fecebd9
// 重构日志: d35076d6
// 同步 ID: 76211264 @ Thu Jul 23 07:58:05 UTC 2026
// 重构日志: 31c501b8
// 重构日志: 81495bb6
